Determining if the pthread_create exist failed with the following output:
Change Dir: /home/workspace/Project/build/CMakeFiles/CMakeTmp

Run Build Command:"/usr/bin/make" "cmTC_2e1ab/fast"
/usr/bin/make -f CMakeFiles/cmTC_2e1ab.dir/build.make CMakeFiles/cmTC_2e1ab.dir/build
make[1]: Entering directory '/home/workspace/Project/build/CMakeFiles/CMakeTmp'
Building C object CMakeFiles/cmTC_2e1ab.dir/CheckSymbolExists.c.o
/usr/bin/cc     -o CMakeFiles/cmTC_2e1ab.dir/CheckSymbolExists.c.o   -c /home/workspace/Project/build/CMakeFiles/CMakeTmp/CheckSymbolExists.c
Linking C executable cmTC_2e1ab
/usr/bin/cmake -E cmake_link_script CMakeFiles/cmTC_2e1ab.dir/link.txt --verbose=1
/usr/bin/cc       CMakeFiles/cmTC_2e1ab.dir/CheckSymbolExists.c.o  -o cmTC_2e1ab -rdynamic 
CMakeFiles/cmTC_2e1ab.dir/CheckSymbolExists.c.o: In function `main':
CheckSymbolExists.c:(.text+0x16): undefined reference to `pthread_create'
collect2: error: ld returned 1 exit status
CMakeFiles/cmTC_2e1ab.dir/build.make:97: recipe for target 'cmTC_2e1ab' failed
make[1]: *** [cmTC_2e1ab] Error 1
make[1]: Leaving directory '/home/workspace/Project/build/CMakeFiles/CMakeTmp'
Makefile:126: recipe for target 'cmTC_2e1ab/fast' failed
make: *** [cmTC_2e1ab/fast] Error 2

File /home/workspace/Project/build/CMakeFiles/CMakeTmp/CheckSymbolExists.c:
/* */
#include <pthread.h>

int main(int argc, char** argv)
{
  (void)argv;
#ifndef pthread_create
  return ((int*)(&pthread_create))[argc];
#else
  (void)argc;
  return 0;
#endif
}

Determining if the function pthread_create exists in the pthreads failed with the following output:
Change Dir: /home/workspace/Project/build/CMakeFiles/CMakeTmp

Run Build Command:"/usr/bin/make" "cmTC_0a938/fast"
/usr/bin/make -f CMakeFiles/cmTC_0a938.dir/build.make CMakeFiles/cmTC_0a938.dir/build
make[1]: Entering directory '/home/workspace/Project/build/CMakeFiles/CMakeTmp'
Building C object CMakeFiles/cmTC_0a938.dir/CheckFunctionExists.c.o
/usr/bin/cc    -DCHECK_FUNCTION_EXISTS=pthread_create   -o CMakeFiles/cmTC_0a938.dir/CheckFunctionExists.c.o   -c /usr/share/cmake-3.5/Modules/CheckFunctionExists.c
Linking C executable cmTC_0a938
/usr/bin/cmake -E cmake_link_script CMakeFiles/cmTC_0a938.dir/link.txt --verbose=1
/usr/bin/cc   -DCHECK_FUNCTION_EXISTS=pthread_create    CMakeFiles/cmTC_0a938.dir/CheckFunctionExists.c.o  -o cmTC_0a938 -rdynamic -lpthreads 
/usr/bin/ld: cannot find -lpthreads
collect2: error: ld returned 1 exit status
CMakeFiles/cmTC_0a938.dir/build.make:97: recipe for target 'cmTC_0a938' failed
make[1]: *** [cmTC_0a938] Error 1
make[1]: Leaving directory '/home/workspace/Project/build/CMakeFiles/CMakeTmp'
Makefile:126: recipe for target 'cmTC_0a938/fast' failed
make: *** [cmTC_0a938/fast] Error 2


